============================================================================================== 
Warning! Mixing Conda and module environments may lead to corruption of the
user environment. 
We do not recommend users mixing those two environments unless absolutely
necessary. Note that 
SURF does not provide any support for Conda environment.
For more information, please refer to our software policy page:
https://servicedesk.surf.nl/wiki/display/WIKI/Software+policy+Snellius#SoftwarepolicySnellius-UseofAnacondaandMinicondaenvironmentsonSnellius 

Remember that many packages have already been installed on the system and can
be loaded using 
the 'module load <package__name>' command. If you are uncertain if a package is
already available 
on the system, please use 'module avail' or 'module spider' to search for it.
============================================================================================== 
/var/spool/slurm/slurmd/job9832516/slurm_script: line 15: cd: AutoregressiveNeuralOperators: No such file or directory
wandb: Currently logged in as: tpharmsen (tpharmsen-tue) to https://api.wandb.ai. Use `wandb login --relogin` to force relogin
wandb: Using wandb-core as the SDK backend.  Please refer to https://wandb.me/wandb-core for more information.
wandb: Tracking run with wandb version 0.19.5
wandb: Run data is saved locally in /gpfs/home5/tharmsen/AutoregressiveNeuralOperators/wandb/run-20250209_012216-4c3ox6vn
wandb: Run `wandb offline` to turn off syncing.
wandb: Syncing run UNet_mod1_hpc_01DS4_1
wandb: ⭐️ View project at https://wandb.ai/tpharmsen-tue/BubbleML_DS_PF
wandb: 🚀 View run at https://wandb.ai/tpharmsen-tue/BubbleML_DS_PF/runs/4c3ox6vn
dataloader ready
loading UNet_mod1
Amount of parameters in model: 11547348
UNet_mod1 initialized
start training
wandb: WARNING `fps` argument does not affect the frame rate of the video when providing a file path or raw bytes.
Epoch 0: Train Loss = 0.00676054, Val Loss Timestep = 0.00281476, Val Loss Pushforward = 0.01223148, Val Loss Unrolled = 0.02541123, LR: 1.0e-03
slurmstepd: error: *** JOB 9832516 ON gcn2 CANCELLED AT 2025-02-09T01:26:19 ***

JOB STATISTICS
==============
Job ID: 9832516
Cluster: snellius
User/Group: tharmsen/tharmsen
State: CANCELLED (exit code 0)
Nodes: 1
Cores per node: 9
CPU Utilized: 00:00:00
CPU Efficiency: 0.00% of 00:41:24 core-walltime
Job Wall-clock time: 00:04:36
Memory Utilized: 12.98 GB
Memory Efficiency: 21.64% of 60.00 GB
