============================================================================================== 
Warning! Mixing Conda and module environments may lead to corruption of the
user environment. 
We do not recommend users mixing those two environments unless absolutely
necessary. Note that 
SURF does not provide any support for Conda environment.
For more information, please refer to our software policy page:
https://servicedesk.surf.nl/wiki/display/WIKI/Software+policy+Snellius#SoftwarepolicySnellius-UseofAnacondaandMinicondaenvironmentsonSnellius 

Remember that many packages have already been installed on the system and can
be loaded using 
the 'module load <package__name>' command. If you are uncertain if a package is
already available 
on the system, please use 'module avail' or 'module spider' to search for it.
============================================================================================== 
/var/spool/slurm/slurmd/job11227438/slurm_script: line 13: cd: AutoregressiveNeuralOperators: No such file or directory
Traceback (most recent call last):
  File "/gpfs/home5/tharmsen/AutoregressiveNeuralOperators/src/train.py", line 89, in <module>
    trainer.train()
  File "/gpfs/home5/tharmsen/AutoregressiveNeuralOperators/src/trainers/MTT.py", line 53, in train
    trainer = pl.Trainer(
              ^^^^^^^^^^^
  File "/home/tharmsen/.conda/envs/grad312/lib/python3.12/site-packages/pytorch_lightning/utilities/argparse.py", line 70, in insert_env_defaults
    return fn(self, **kwargs)
           ^^^^^^^^^^^^^^^^^^
  File "/home/tharmsen/.conda/envs/grad312/lib/python3.12/site-packages/pytorch_lightning/trainer/trainer.py", line 404, in __init__
    self._accelerator_connector = _AcceleratorConnector(
                                  ^^^^^^^^^^^^^^^^^^^^^^
  File "/home/tharmsen/.conda/envs/grad312/lib/python3.12/site-packages/pytorch_lightning/trainer/connectors/accelerator_connector.py", line 157, in __init__
    self._init_strategy()
  File "/home/tharmsen/.conda/envs/grad312/lib/python3.12/site-packages/pytorch_lightning/trainer/connectors/accelerator_connector.py", line 480, in _init_strategy
    self.strategy = StrategyRegistry.get(self._strategy_flag)
                    ^^^^^^^^^^^^^^^^^^^^^^^^^^^^^^^^^^^^^^^^^
  File "/home/tharmsen/.conda/envs/grad312/lib/python3.12/site-packages/lightning_fabric/strategies/registry.py", line 94, in get
    return data["strategy"](**data["init_params"])
           ^^^^^^^^^^^^^^^^^^^^^^^^^^^^^^^^^^^^^^^
  File "/home/tharmsen/.conda/envs/grad312/lib/python3.12/site-packages/pytorch_lightning/strategies/deepspeed.py", line 258, in __init__
    raise MisconfigurationException(
lightning_fabric.utilities.exceptions.MisconfigurationException: To use the `DeepSpeedStrategy`, you must have DeepSpeed installed. Install it by running `pip install -U deepspeed`.

JOB STATISTICS
==============
Job ID: 11227438
Cluster: snellius
User/Group: tharmsen/tharmsen
State: FAILED (exit code 1)
Nodes: 1
Cores per node: 48
CPU Utilized: 00:00:15
CPU Efficiency: 1.49% of 00:16:48 core-walltime
Job Wall-clock time: 00:00:21
Memory Utilized: 1.77 MB
Memory Efficiency: 0.00% of 540.00 GB (540.00 GB/node)
