============================================================================================== 
Warning! Mixing Conda and module environments may lead to corruption of the
user environment. 
We do not recommend users mixing those two environments unless absolutely
necessary. Note that 
SURF does not provide any support for Conda environment.
For more information, please refer to our software policy page:
https://servicedesk.surf.nl/wiki/display/WIKI/Software+policy+Snellius#SoftwarepolicySnellius-UseofAnacondaandMinicondaenvironmentsonSnellius 

Remember that many packages have already been installed on the system and can
be loaded using 
the 'module load <package__name>' command. If you are uncertain if a package is
already available 
on the system, please use 'module avail' or 'module spider' to search for it.
============================================================================================== 
/var/spool/slurm/slurmd/job11227745/slurm_script: line 13: cd: AutoregressiveNeuralOperators: No such file or directory
[2025-04-16 23:00:57,157] [INFO] [real_accelerator.py:239:get_accelerator] Setting ds_accelerator to cuda (auto detect)
df: /home/tharmsen/.triton/autotune: No such file or directory
Traceback (most recent call last):
  File "/gpfs/home5/tharmsen/AutoregressiveNeuralOperators/src/train.py", line 89, in <module>
    trainer.train()
  File "/gpfs/home5/tharmsen/AutoregressiveNeuralOperators/src/trainers/MTT.py", line 53, in train
    trainer = pl.Trainer(
              ^^^^^^^^^^^
  File "/home/tharmsen/.conda/envs/grad312/lib/python3.12/site-packages/pytorch_lightning/utilities/argparse.py", line 70, in insert_env_defaults
    return fn(self, **kwargs)
           ^^^^^^^^^^^^^^^^^^
  File "/home/tharmsen/.conda/envs/grad312/lib/python3.12/site-packages/pytorch_lightning/trainer/trainer.py", line 404, in __init__
    self._accelerator_connector = _AcceleratorConnector(
                                  ^^^^^^^^^^^^^^^^^^^^^^
  File "/home/tharmsen/.conda/envs/grad312/lib/python3.12/site-packages/pytorch_lightning/trainer/connectors/accelerator_connector.py", line 157, in __init__
    self._init_strategy()
  File "/home/tharmsen/.conda/envs/grad312/lib/python3.12/site-packages/pytorch_lightning/trainer/connectors/accelerator_connector.py", line 480, in _init_strategy
    self.strategy = StrategyRegistry.get(self._strategy_flag)
                    ^^^^^^^^^^^^^^^^^^^^^^^^^^^^^^^^^^^^^^^^^
  File "/home/tharmsen/.conda/envs/grad312/lib/python3.12/site-packages/lightning_fabric/strategies/registry.py", line 94, in get
    return data["strategy"](**data["init_params"])
           ^^^^^^^^^^^^^^^^^^^^^^^^^^^^^^^^^^^^^^^
  File "/home/tharmsen/.conda/envs/grad312/lib/python3.12/site-packages/pytorch_lightning/strategies/deepspeed.py", line 307, in __init__
    import deepspeed
  File "/home/tharmsen/.conda/envs/grad312/lib/python3.12/site-packages/deepspeed/__init__.py", line 25, in <module>
    from . import ops
  File "/home/tharmsen/.conda/envs/grad312/lib/python3.12/site-packages/deepspeed/ops/__init__.py", line 15, in <module>
    from ..git_version_info import compatible_ops as __compatible_ops__
  File "/home/tharmsen/.conda/envs/grad312/lib/python3.12/site-packages/deepspeed/git_version_info.py", line 29, in <module>
    op_compatible = builder.is_compatible()
                    ^^^^^^^^^^^^^^^^^^^^^^^
  File "/home/tharmsen/.conda/envs/grad312/lib/python3.12/site-packages/deepspeed/ops/op_builder/fp_quantizer.py", line 35, in is_compatible
    sys_cuda_major, _ = installed_cuda_version()
                        ^^^^^^^^^^^^^^^^^^^^^^^^
  File "/home/tharmsen/.conda/envs/grad312/lib/python3.12/site-packages/deepspeed/ops/op_builder/builder.py", line 51, in installed_cuda_version
    raise MissingCUDAException("CUDA_HOME does not exist, unable to compile CUDA op(s)")
deepspeed.ops.op_builder.builder.MissingCUDAException: CUDA_HOME does not exist, unable to compile CUDA op(s)

JOB STATISTICS
==============
Job ID: 11227745
Cluster: snellius
User/Group: tharmsen/tharmsen
State: FAILED (exit code 1)
Nodes: 1
Cores per node: 48
CPU Utilized: 00:00:16
CPU Efficiency: 1.75% of 00:15:12 core-walltime
Job Wall-clock time: 00:00:19
Memory Utilized: 1.76 MB
Memory Efficiency: 0.00% of 540.00 GB (540.00 GB/node)
