============================================================================================== 
Warning! Mixing Conda and module environments may lead to corruption of the
user environment. 
We do not recommend users mixing those two environments unless absolutely
necessary. Note that 
SURF does not provide any support for Conda environment.
For more information, please refer to our software policy page:
https://servicedesk.surf.nl/wiki/display/WIKI/Software+policy+Snellius#SoftwarepolicySnellius-UseofAnacondaandMinicondaenvironmentsonSnellius 

Remember that many packages have already been installed on the system and can
be loaded using 
the 'module load <package__name>' command. If you are uncertain if a package is
already available 
on the system, please use 'module avail' or 'module spider' to search for it.
============================================================================================== 
/var/spool/slurm/slurmd/job9843560/slurm_script: line 14: cd: AutoregressiveNeuralOperators: No such file or directory
wandb: Currently logged in as: tpharmsen (tpharmsen-tue) to https://api.wandb.ai. Use `wandb login --relogin` to force relogin
wandb: Using wandb-core as the SDK backend.  Please refer to https://wandb.me/wandb-core for more information.
wandb: Tracking run with wandb version 0.19.5
wandb: Run data is saved locally in /gpfs/home5/tharmsen/AutoregressiveNeuralOperators/wandb/run-20250210_151047-p8resyiz
wandb: Run `wandb offline` to turn off syncing.
wandb: Syncing run UNet_mod2_hpc_01DS4_6
wandb: ⭐️ View project at https://wandb.ai/tpharmsen-tue/BubbleML_DS_PF
wandb: 🚀 View run at https://wandb.ai/tpharmsen-tue/BubbleML_DS_PF/runs/p8resyiz
dataloader ready
Amount of parameters in model: 3186900
UNet_mod2 initialized
start training
wandb: WARNING `fps` argument does not affect the frame rate of the video when providing a file path or raw bytes.
Epoch 0: Train Loss = 0.00604849, Val Loss Timestep = 0.00235536, Val Loss Pushforward = 0.00737006, Val Loss Unrolled = 0.00571151, LR: 1.0e-03
Epoch 1: Train Loss = 0.00152927, Val Loss Timestep = 0.00171847, Val Loss Pushforward = 0.00745726, Val Loss Unrolled = 0.04329606, LR: 1.0e-03
Epoch 2: Train Loss = 0.00119978, Val Loss Timestep = 0.00145164, Val Loss Pushforward = 0.00627454, Val Loss Unrolled = 0.01021633, LR: 1.0e-03
Epoch 3: Train Loss = 0.00105542, Val Loss Timestep = 0.00131570, Val Loss Pushforward = 0.00656721, Val Loss Unrolled = 0.01146804, LR: 9.9e-04
Epoch 4: Train Loss = 0.00096568, Val Loss Timestep = 0.00119461, Val Loss Pushforward = 0.00628805, Val Loss Unrolled = 0.01064470, LR: 9.9e-04
Epoch 5: Train Loss = 0.00090940, Val Loss Timestep = 0.00114713, Val Loss Pushforward = 0.00578971, Val Loss Unrolled = 0.02691402, LR: 9.8e-04
Epoch 6: Train Loss = 0.00084826, Val Loss Timestep = 0.00108731, Val Loss Pushforward = 0.00571684, Val Loss Unrolled = 0.00805378, LR: 9.8e-04
Epoch 7: Train Loss = 0.00123537, Val Loss Timestep = 0.00128144, Val Loss Pushforward = 0.00596981, Val Loss Unrolled = 0.00830153, LR: 9.7e-04
Epoch 8: Train Loss = 0.00089046, Val Loss Timestep = 0.00106042, Val Loss Pushforward = 0.00500316, Val Loss Unrolled = 0.00979649, LR: 9.6e-04
Epoch 9: Train Loss = 0.00080188, Val Loss Timestep = 0.00099942, Val Loss Pushforward = 0.00474230, Val Loss Unrolled = 0.00860915, LR: 9.5e-04
wandb: WARNING `fps` argument does not affect the frame rate of the video when providing a file path or raw bytes.
Epoch 10: Train Loss = 0.00192616, Val Loss Timestep = 0.00130050, Val Loss Pushforward = 0.00565370, Val Loss Unrolled = 0.01035765, LR: 9.4e-04
slurmstepd: error: *** JOB 9843560 ON gcn5 CANCELLED AT 2025-02-10T15:29:49 ***

JOB STATISTICS
==============
Job ID: 9843560
Cluster: snellius
User/Group: tharmsen/tharmsen
State: CANCELLED (exit code 0)
Nodes: 1
Cores per node: 9
CPU Utilized: 00:00:00
CPU Efficiency: 0.00% of 02:56:15 core-walltime
Job Wall-clock time: 00:19:35
Memory Utilized: 9.95 GB
Memory Efficiency: 16.59% of 60.00 GB
