============================================================================================== 
Warning! Mixing Conda and module environments may lead to corruption of the
user environment. 
We do not recommend users mixing those two environments unless absolutely
necessary. Note that 
SURF does not provide any support for Conda environment.
For more information, please refer to our software policy page:
https://servicedesk.surf.nl/wiki/display/WIKI/Software+policy+Snellius#SoftwarepolicySnellius-UseofAnacondaandMinicondaenvironmentsonSnellius 

Remember that many packages have already been installed on the system and can
be loaded using 
the 'module load <package__name>' command. If you are uncertain if a package is
already available 
on the system, please use 'module avail' or 'module spider' to search for it.
============================================================================================== 
# conda environments:
#
fenics2024               /home/tharmsen/.conda/envs/fenics2024
grad311_hpc2023          /home/tharmsen/.conda/envs/grad311_hpc2023
grad312                  /home/tharmsen/.conda/envs/grad312
base                  *  /sw/arch/RHEL9/EB_production/2024/software/Anaconda3/2024.06-1

# conda environments:
#
fenics2024               /home/tharmsen/.conda/envs/fenics2024
grad311_hpc2023          /home/tharmsen/.conda/envs/grad311_hpc2023
grad312               *  /home/tharmsen/.conda/envs/grad312
base                     /sw/arch/RHEL9/EB_production/2024/software/Anaconda3/2024.06-1

/var/spool/slurm/slurmd/job11056873/slurm_script: line 16: cd: AutoregressiveNeuralOperators: No such file or directory
wandb: Using wandb-core as the SDK backend.  Please refer to https://wandb.me/wandb-core for more information.
wandb: Currently logged in as: tpharmsen (tpharmsen-tue). Use `wandb login --relogin` to force relogin
wandb: Tracking run with wandb version 0.19.1
wandb: Run data is saved locally in /gpfs/home5/tharmsen/AutoregressiveNeuralOperators/wandb/run-20250408_020033-jj5gkz6w
wandb: Run `wandb offline` to turn off syncing.
wandb: Syncing run bicubic
wandb: ⭐️ View project at https://wandb.ai/tpharmsen-tue/FluidGPT
wandb: 🚀 View run at https://wandb.ai/tpharmsen-tue/FluidGPT/runs/jj5gkz6w
slurmstepd: error: *** JOB 11056873 ON gcn3 CANCELLED AT 2025-04-08T02:10:28 ***

JOB STATISTICS
==============
Job ID: 11056873
Cluster: snellius
User/Group: tharmsen/tharmsen
State: CANCELLED (exit code 0)
Nodes: 1
Cores per node: 9
CPU Utilized: 00:00:02
CPU Efficiency: 0.03% of 01:37:30 core-walltime
Job Wall-clock time: 00:10:50
Memory Utilized: 35.10 GB
Memory Efficiency: 58.50% of 60.00 GB (60.00 GB/node)
