============================================================================================== 
Warning! Mixing Conda and module environments may lead to corruption of the
user environment. 
We do not recommend users mixing those two environments unless absolutely
necessary. Note that 
SURF does not provide any support for Conda environment.
For more information, please refer to our software policy page:
https://servicedesk.surf.nl/wiki/display/WIKI/Software+policy+Snellius#SoftwarepolicySnellius-UseofAnacondaandMinicondaenvironmentsonSnellius 

Remember that many packages have already been installed on the system and can
be loaded using 
the 'module load <package__name>' command. If you are uncertain if a package is
already available 
on the system, please use 'module avail' or 'module spider' to search for it.
============================================================================================== 
/var/spool/slurm/slurmd/job10479584/slurm_script: line 14: cd: AutoregressiveNeuralOperators: No such file or directory
Defaulting to user installation because normal site-packages is not writeable
DEPRECATION: Loading egg at /gpfs/home5/tharmsen/.local/lib/python3.11/site-packages/cmdkit-2.7.6-py3.11.egg is deprecated. pip 25.1 will enforce this behaviour change. A possible replacement is to use pip for package installation. Discussion can be found at https://github.com/pypa/pip/issues/12330
DEPRECATION: Loading egg at /gpfs/home5/tharmsen/.local/lib/python3.11/site-packages/scipy-1.15.0rc1-py3.11-linux-x86_64.egg is deprecated. pip 25.1 will enforce this behaviour change. A possible replacement is to use pip for package installation. Discussion can be found at https://github.com/pypa/pip/issues/12330
DEPRECATION: Loading egg at /gpfs/home5/tharmsen/.local/lib/python3.11/site-packages/numpy-2.2.0-py3.11-linux-x86_64.egg is deprecated. pip 25.1 will enforce this behaviour change. A possible replacement is to use pip for package installation. Discussion can be found at https://github.com/pypa/pip/issues/12330
DEPRECATION: Loading egg at /gpfs/home5/tharmsen/.local/lib/python3.11/site-packages/h5py-3.12.1-py3.11-linux-x86_64.egg is deprecated. pip 25.1 will enforce this behaviour change. A possible replacement is to use pip for package installation. Discussion can be found at https://github.com/pypa/pip/issues/12330
DEPRECATION: Loading egg at /gpfs/home5/tharmsen/.local/lib/python3.11/site-packages/psutil-6.1.0-py3.11-linux-x86_64.egg is deprecated. pip 25.1 will enforce this behaviour change. A possible replacement is to use pip for package installation. Discussion can be found at https://github.com/pypa/pip/issues/12330
Collecting einops
  Using cached einops-0.8.1-py3-none-any.whl.metadata (13 kB)
Using cached einops-0.8.1-py3-none-any.whl (64 kB)
Installing collected packages: einops
Successfully installed einops-0.8.1

[notice] A new release of pip is available: 25.0 -> 25.0.1
[notice] To update, run: pip install --upgrade pip
/home/tharmsen/.local/lib/python3.11/site-packages/torch/functional.py:539: UserWarning: torch.meshgrid: in an upcoming release, it will be required to pass the indexing argument. (Triggered internally at /pytorch/aten/src/ATen/native/TensorShape.cpp:3637.)
  return _VF.meshgrid(tensors, **kwargs)  # type: ignore[attr-defined]
wandb: Currently logged in as: tpharmsen (tpharmsen-tue) to https://api.wandb.ai. Use `wandb login --relogin` to force relogin
wandb: Using wandb-core as the SDK backend.  Please refer to https://wandb.me/wandb-core for more information.
wandb: Tracking run with wandb version 0.19.5
wandb: Run data is saved locally in /gpfs/home5/tharmsen/AutoregressiveNeuralOperators/wandb/run-20250313_022647-9e6wg5kr
wandb: Run `wandb offline` to turn off syncing.
wandb: Syncing run swinUnet_hpc_01_128_1
wandb: ⭐️ View project at https://wandb.ai/tpharmsen-tue/BubbleML_DS_PF
wandb: 🚀 View run at https://wandb.ai/tpharmsen-tue/BubbleML_DS_PF/runs/9e6wg5kr
Amount of parameters in model: 14261696
swinUnet initialized
using device NVIDIA A100-SXM4-40GB MIG 3g.20gb
wandb: WARNING `fps` argument does not affect the frame rate of the video when providing a file path or raw bytes.
Epoch 0: Train Loss = 0.02139541, Val Loss Timestep = 0.00450863, Val Loss Pushforward = 0.00645691, Val Loss Unrolled = -1.00000000, LR: 1.0e-04, ET: 36.96 s
Epoch 1: Train Loss = 0.00303913, Val Loss Timestep = 0.00233491, Val Loss Pushforward = 0.00394894, Val Loss Unrolled = -1.00000000, LR: 1.0e-04, ET: 35.75 s
Epoch 2: Train Loss = 0.00207642, Val Loss Timestep = 0.00180310, Val Loss Pushforward = 0.00330628, Val Loss Unrolled = -1.00000000, LR: 1.0e-04, ET: 35.73 s
Epoch 3: Train Loss = 0.00172594, Val Loss Timestep = 0.00155514, Val Loss Pushforward = 0.00295782, Val Loss Unrolled = -1.00000000, LR: 1.0e-04, ET: 35.61 s
Epoch 4: Train Loss = 0.00153350, Val Loss Timestep = 0.00153023, Val Loss Pushforward = 0.00348221, Val Loss Unrolled = -1.00000000, LR: 1.0e-04, ET: 35.80 s
Epoch 5: Train Loss = 0.00140302, Val Loss Timestep = 0.00136682, Val Loss Pushforward = 0.00292724, Val Loss Unrolled = -1.00000000, LR: 1.0e-04, ET: 35.79 s
Epoch 6: Train Loss = 0.00130879, Val Loss Timestep = 0.00125534, Val Loss Pushforward = 0.00254841, Val Loss Unrolled = -1.00000000, LR: 1.0e-04, ET: 35.71 s
slurmstepd: error: *** JOB 10479584 ON gcn2 CANCELLED AT 2025-03-13T02:31:40 ***

JOB STATISTICS
==============
Job ID: 10479584
Cluster: snellius
User/Group: tharmsen/tharmsen
State: CANCELLED (exit code 0)
Nodes: 1
Cores per node: 9
CPU Utilized: 00:00:10
CPU Efficiency: 0.34% of 00:49:21 core-walltime
Job Wall-clock time: 00:05:29
Memory Utilized: 12.84 GB
Memory Efficiency: 21.40% of 60.00 GB
