============================================================================================== 
Warning! Mixing Conda and module environments may lead to corruption of the
user environment. 
We do not recommend users mixing those two environments unless absolutely
necessary. Note that 
SURF does not provide any support for Conda environment.
For more information, please refer to our software policy page:
https://servicedesk.surf.nl/wiki/display/WIKI/Software+policy+Snellius#SoftwarepolicySnellius-UseofAnacondaandMinicondaenvironmentsonSnellius 

Remember that many packages have already been installed on the system and can
be loaded using 
the 'module load <package__name>' command. If you are uncertain if a package is
already available 
on the system, please use 'module avail' or 'module spider' to search for it.
============================================================================================== 
/var/spool/slurm/slurmd/job9831400/slurm_script: line 13: cd: AutoregressiveNeuralOperators: No such file or directory
wandb: Currently logged in as: tpharmsen (tpharmsen-tue) to https://api.wandb.ai. Use `wandb login --relogin` to force relogin
wandb: Using wandb-core as the SDK backend.  Please refer to https://wandb.me/wandb-core for more information.
wandb: Tracking run with wandb version 0.19.5
wandb: Run data is saved locally in /gpfs/home5/tharmsen/AutoregressiveNeuralOperators/wandb/run-20250208_161845-gqfg6z9s
wandb: Run `wandb offline` to turn off syncing.
wandb: Syncing run UNet_mod2_hpc_01DS4_4
wandb: ⭐️ View project at https://wandb.ai/tpharmsen-tue/BubbleML_DS_PF
wandb: 🚀 View run at https://wandb.ai/tpharmsen-tue/BubbleML_DS_PF/runs/gqfg6z9s
dataloader ready
Amount of parameters in model: 5571830
UNet_mod2 initialized
start training
wandb: WARNING `fps` argument does not affect the frame rate of the video when providing a file path or raw bytes.
Epoch 0: Train Loss = 0.00272134, Val Loss Timestep = 0.00118694, Val Loss Pushforward = 0.01177628, Val Loss Unrolled = 0.05464235, LR: 1.0e-03
Epoch 1: Train Loss = 0.00089815, Val Loss Timestep = 0.00090800, Val Loss Pushforward = 0.00824318, Val Loss Unrolled = 0.01071438, LR: 1.0e-03
Epoch 2: Train Loss = 0.00077977, Val Loss Timestep = 0.00090047, Val Loss Pushforward = 0.00873300, Val Loss Unrolled = 0.01412944, LR: 1.0e-03
Epoch 3: Train Loss = 0.00070201, Val Loss Timestep = 0.00074714, Val Loss Pushforward = 0.00743294, Val Loss Unrolled = 0.01448143, LR: 9.9e-04
Epoch 4: Train Loss = 0.00064898, Val Loss Timestep = 0.00067407, Val Loss Pushforward = 0.00736679, Val Loss Unrolled = 0.01722099, LR: 9.9e-04
Epoch 5: Train Loss = 0.00060743, Val Loss Timestep = 0.00068344, Val Loss Pushforward = 0.00698806, Val Loss Unrolled = 0.01196779, LR: 9.8e-04
Epoch 6: Train Loss = 0.00057236, Val Loss Timestep = 0.00060297, Val Loss Pushforward = 0.00785868, Val Loss Unrolled = 0.01065159, LR: 9.8e-04
Epoch 7: Train Loss = 0.00054546, Val Loss Timestep = 0.00061232, Val Loss Pushforward = 0.00709212, Val Loss Unrolled = 0.01059815, LR: 9.7e-04
Epoch 8: Train Loss = 0.00051783, Val Loss Timestep = 0.00063445, Val Loss Pushforward = 0.00767995, Val Loss Unrolled = 0.02945730, LR: 9.6e-04
slurmstepd: error: *** JOB 9831400 ON gcn5 CANCELLED AT 2025-02-08T16:48:09 DUE TO TIME LIMIT ***

JOB STATISTICS
==============
Job ID: 9831400
Cluster: snellius
User/Group: tharmsen/tharmsen
State: TIMEOUT (exit code 0)
Nodes: 1
Cores per node: 9
CPU Utilized: 00:00:01
CPU Efficiency: 0.01% of 04:30:54 core-walltime
Job Wall-clock time: 00:30:06
Memory Utilized: 7.63 GB
Memory Efficiency: 12.72% of 60.00 GB
